20:39:59 **** Build of configuration Debug for project TP2 ****
make all 
Building file: ../src/ArrayEmployees.c
Invoking: GCC C Compiler
gcc -O0 -g3 -Wall -c -fmessage-length=0 -MMD -MP -MF"src/ArrayEmployees.d" -MT"src/ArrayEmployees.o" -o "src/ArrayEmployees.o" "../src/ArrayEmployees.c"
../src/ArrayEmployees.c:193:66: warning: '&&' within '||' [-Wlogical-op-parentheses]
                                if( (list[i].isEmpty == FALSE && list[i+1].isEmpty == FALSE) &&
                                    ~~~~~~~~~~~~~~~~~~~~~~~~~~~~~~~~~~~~~~~~~~~~~~~~~~~~~~~~~^~
../src/ArrayEmployees.c:193:66: note: place parentheses around the '&&' expression to silence this warning
                                if( (list[i].isEmpty == FALSE && list[i+1].isEmpty == FALSE) &&
                                                                                             ^
                                    (
1 warning generated.
Finished building: ../src/ArrayEmployees.c
 
Building file: ../src/TP2.c
Invoking: GCC C Compiler
gcc -O0 -g3 -Wall -c -fmessage-length=0 -MMD -MP -MF"src/TP2.d" -MT"src/TP2.o" -o "src/TP2.o" "../src/TP2.c"
Finished building: ../src/TP2.c
 
Building file: ../src/inputs.c
Invoking: GCC C Compiler
gcc -O0 -g3 -Wall -c -fmessage-length=0 -MMD -MP -MF"src/inputs.d" -MT"src/inputs.o" -o "src/inputs.o" "../src/inputs.c"
Finished building: ../src/inputs.c
 
Building target: TP2
Invoking: MacOS X C Linker
gcc  -o "TP2"  ./src/ArrayEmployees.o ./src/TP2.o ./src/inputs.o   
Finished building target: TP2
 
20:40:23 **** Incremental Build of configuration Debug for project TP2 ****
make all 
Building file: ../src/ArrayEmployees.c
Invoking: GCC C Compiler
gcc -O0 -g3 -Wall -c -fmessage-length=0 -MMD -MP -MF"src/ArrayEmployees.d" -MT"src/ArrayEmployees.o" -o "src/ArrayEmployees.o" "../src/ArrayEmployees.c"
Finished building: ../src/ArrayEmployees.c
 
Building target: TP2
Invoking: MacOS X C Linker
gcc  -o "TP2"  ./src/ArrayEmployees.o ./src/TP2.o ./src/inputs.o   
Finished building target: TP2
 
20:40:25 **** Incremental Build of configuration Debug for project TP2 ****
make all 
make: Nothing to be done for `all'.
22:13:19 **** Incremental Build of configuration Debug for project TP2 ****
make all 
Building file: ../src/ArrayEmployees.c
Invoking: GCC C Compiler
gcc -O0 -g3 -Wall -c -fmessage-length=0 -MMD -MP -MF"src/ArrayEmployees.d" -MT"src/ArrayEmployees.o" -o "src/ArrayEmployees.o" "../src/ArrayEmployees.c"
Finished building: ../src/ArrayEmployees.c
 
Building target: TP2
Invoking: MacOS X C Linker
gcc  -o "TP2"  ./src/ArrayEmployees.o ./src/TP2.o ./src/inputs.o   
Finished building target: TP2
 
22:13:21 **** Incremental Build of configuration Debug for project TP2 ****
make all 
make: Nothing to be done for `all'.
22:15:01 **** Incremental Build of configuration Debug for project TP2 ****
make all 
Building file: ../src/ArrayEmployees.c
Invoking: GCC C Compiler
gcc -O0 -g3 -Wall -c -fmessage-length=0 -MMD -MP -MF"src/ArrayEmployees.d" -MT"src/ArrayEmployees.o" -o "src/ArrayEmployees.o" "../src/ArrayEmployees.c"
Finished building: ../src/ArrayEmployees.c
 
Building target: TP2
Invoking: MacOS X C Linker
gcc  -o "TP2"  ./src/ArrayEmployees.o ./src/TP2.o ./src/inputs.o   
Finished building target: TP2
 
22:15:23 **** Incremental Build of configuration Debug for project TP2 ****
make all 
Building file: ../src/ArrayEmployees.c
Invoking: GCC C Compiler
gcc -O0 -g3 -Wall -c -fmessage-length=0 -MMD -MP -MF"src/ArrayEmployees.d" -MT"src/ArrayEmployees.o" -o "src/ArrayEmployees.o" "../src/ArrayEmployees.c"
Finished building: ../src/ArrayEmployees.c
 
Building target: TP2
Invoking: MacOS X C Linker
gcc  -o "TP2"  ./src/ArrayEmployees.o ./src/TP2.o ./src/inputs.o   
Finished building target: TP2
 
22:15:41 **** Incremental Build of configuration Debug for project TP2 ****
make all 
make: Nothing to be done for `all'.
22:17:12 **** Incremental Build of configuration Debug for project TP2 ****
make all 
make: Nothing to be done for `all'.
23:34:29 **** Incremental Build of configuration Debug for project TP2 ****
make all 
Building file: ../src/ArrayEmployees.c
Invoking: GCC C Compiler
gcc -O0 -g3 -Wall -c -fmessage-length=0 -MMD -MP -MF"src/ArrayEmployees.d" -MT"src/ArrayEmployees.o" -o "src/ArrayEmployees.o" "../src/ArrayEmployees.c"
Finished building: ../src/ArrayEmployees.c
 
Building target: TP2
Invoking: MacOS X C Linker
gcc  -o "TP2"  ./src/ArrayEmployees.o ./src/TP2.o ./src/inputs.o   
Finished building target: TP2
 
23:34:30 **** Incremental Build of configuration Debug for project TP2 ****
make all 
make: Nothing to be done for `all'.
23:49:38 **** Incremental Build of configuration Debug for project TP2 ****
make all 
Building file: ../src/ArrayEmployees.c
Invoking: GCC C Compiler
gcc -O0 -g3 -Wall -c -fmessage-length=0 -MMD -MP -MF"src/ArrayEmployees.d" -MT"src/ArrayEmployees.o" -o "src/ArrayEmployees.o" "../src/ArrayEmployees.c"
Finished building: ../src/ArrayEmployees.c
 
Building target: TP2
Invoking: MacOS X C Linker
gcc  -o "TP2"  ./src/ArrayEmployees.o ./src/TP2.o ./src/inputs.o   
Finished building target: TP2
 
23:49:40 **** Incremental Build of configuration Debug for project TP2 ****
make all 
make: Nothing to be done for `all'.
23:50:46 **** Incremental Build of configuration Debug for project TP2 ****
make all 
Building file: ../src/TP2.c
Invoking: GCC C Compiler
gcc -O0 -g3 -Wall -c -fmessage-length=0 -MMD -MP -MF"src/TP2.d" -MT"src/TP2.o" -o "src/TP2.o" "../src/TP2.c"
Finished building: ../src/TP2.c
 
Building target: TP2
Invoking: MacOS X C Linker
gcc  -o "TP2"  ./src/ArrayEmployees.o ./src/TP2.o ./src/inputs.o   
Finished building target: TP2
 
23:50:48 **** Incremental Build of configuration Debug for project TP2 ****
make all 
make: Nothing to be done for `all'.
23:52:33 **** Incremental Build of configuration Debug for project TP2 ****
make all 
Building file: ../src/ArrayEmployees.c
Invoking: GCC C Compiler
gcc -O0 -g3 -Wall -c -fmessage-length=0 -MMD -MP -MF"src/ArrayEmployees.d" -MT"src/ArrayEmployees.o" -o "src/ArrayEmployees.o" "../src/ArrayEmployees.c"
Finished building: ../src/ArrayEmployees.c
 
Building target: TP2
Invoking: MacOS X C Linker
gcc  -o "TP2"  ./src/ArrayEmployees.o ./src/TP2.o ./src/inputs.o   
Finished building target: TP2
 
23:52:34 **** Incremental Build of configuration Debug for project TP2 ****
make all 
make: Nothing to be done for `all'.
23:53:09 **** Incremental Build of configuration Debug for project TP2 ****
make all 
Building file: ../src/ArrayEmployees.c
Invoking: GCC C Compiler
gcc -O0 -g3 -Wall -c -fmessage-length=0 -MMD -MP -MF"src/ArrayEmployees.d" -MT"src/ArrayEmployees.o" -o "src/ArrayEmployees.o" "../src/ArrayEmployees.c"
Finished building: ../src/ArrayEmployees.c
 
Building target: TP2
Invoking: MacOS X C Linker
gcc  -o "TP2"  ./src/ArrayEmployees.o ./src/TP2.o ./src/inputs.o   
Finished building target: TP2
 
23:53:10 **** Incremental Build of configuration Debug for project TP2 ****
make all 
make: Nothing to be done for `all'.
23:55:58 **** Incremental Build of configuration Debug for project TP2 ****
make all 
Building file: ../src/ArrayEmployees.c
Invoking: GCC C Compiler
gcc -O0 -g3 -Wall -c -fmessage-length=0 -MMD -MP -MF"src/ArrayEmployees.d" -MT"src/ArrayEmployees.o" -o "src/ArrayEmployees.o" "../src/ArrayEmployees.c"
Finished building: ../src/ArrayEmployees.c
 
Building target: TP2
Invoking: MacOS X C Linker
gcc  -o "TP2"  ./src/ArrayEmployees.o ./src/TP2.o ./src/inputs.o   
Finished building target: TP2
 
23:55:59 **** Incremental Build of configuration Debug for project TP2 ****
make all 
make: Nothing to be done for `all'.
00:10:27 **** Incremental Build of configuration Debug for project TP2 ****
make all 
Building file: ../src/ArrayEmployees.c
Invoking: GCC C Compiler
gcc -O0 -g3 -Wall -c -fmessage-length=0 -MMD -MP -MF"src/ArrayEmployees.d" -MT"src/ArrayEmployees.o" -o "src/ArrayEmployees.o" "../src/ArrayEmployees.c"
Finished building: ../src/ArrayEmployees.c
 
Building target: TP2
Invoking: MacOS X C Linker
gcc  -o "TP2"  ./src/ArrayEmployees.o ./src/TP2.o ./src/inputs.o   
Finished building target: TP2
 
00:10:29 **** Incremental Build of configuration Debug for project TP2 ****
make all 
make: Nothing to be done for `all'.
00:13:14 **** Incremental Build of configuration Debug for project TP2 ****
make all 
Building file: ../src/ArrayEmployees.c
Invoking: GCC C Compiler
gcc -O0 -g3 -Wall -c -fmessage-length=0 -MMD -MP -MF"src/ArrayEmployees.d" -MT"src/ArrayEmployees.o" -o "src/ArrayEmployees.o" "../src/ArrayEmployees.c"
Finished building: ../src/ArrayEmployees.c
 
Building target: TP2
Invoking: MacOS X C Linker
gcc  -o "TP2"  ./src/ArrayEmployees.o ./src/TP2.o ./src/inputs.o   
Finished building target: TP2
 
00:13:15 **** Incremental Build of configuration Debug for project TP2 ****
make all 
make: Nothing to be done for `all'.
00:19:26 **** Incremental Build of configuration Debug for project TP2 ****
make all 
Building file: ../src/ArrayEmployees.c
Invoking: GCC C Compiler
gcc -O0 -g3 -Wall -c -fmessage-length=0 -MMD -MP -MF"src/ArrayEmployees.d" -MT"src/ArrayEmployees.o" -o "src/ArrayEmployees.o" "../src/ArrayEmployees.c"
Finished building: ../src/ArrayEmployees.c
 
Building target: TP2
Invoking: MacOS X C Linker
gcc  -o "TP2"  ./src/ArrayEmployees.o ./src/TP2.o ./src/inputs.o   
Finished building target: TP2
 
00:19:28 **** Incremental Build of configuration Debug for project TP2 ****
make all 
make: Nothing to be done for `all'.
00:21:40 **** Incremental Build of configuration Debug for project TP2 ****
make all 
Building file: ../src/ArrayEmployees.c
Invoking: GCC C Compiler
gcc -O0 -g3 -Wall -c -fmessage-length=0 -MMD -MP -MF"src/ArrayEmployees.d" -MT"src/ArrayEmployees.o" -o "src/ArrayEmployees.o" "../src/ArrayEmployees.c"
Finished building: ../src/ArrayEmployees.c
 
Building target: TP2
Invoking: MacOS X C Linker
gcc  -o "TP2"  ./src/ArrayEmployees.o ./src/TP2.o ./src/inputs.o   
Finished building target: TP2
 
00:21:41 **** Incremental Build of configuration Debug for project TP2 ****
make all 
make: Nothing to be done for `all'.
00:23:50 **** Incremental Build of configuration Debug for project TP2 ****
make all 
Building file: ../src/ArrayEmployees.c
Invoking: GCC C Compiler
gcc -O0 -g3 -Wall -c -fmessage-length=0 -MMD -MP -MF"src/ArrayEmployees.d" -MT"src/ArrayEmployees.o" -o "src/ArrayEmployees.o" "../src/ArrayEmployees.c"
Finished building: ../src/ArrayEmployees.c
 
Building file: ../src/TP2.c
Invoking: GCC C Compiler
gcc -O0 -g3 -Wall -c -fmessage-length=0 -MMD -MP -MF"src/TP2.d" -MT"src/TP2.o" -o "src/TP2.o" "../src/TP2.c"
Finished building: ../src/TP2.c
 
Building target: TP2
Invoking: MacOS X C Linker
gcc  -o "TP2"  ./src/ArrayEmployees.o ./src/TP2.o ./src/inputs.o   
Finished building target: TP2
 
00:23:52 **** Incremental Build of configuration Debug for project TP2 ****
make all 
make: Nothing to be done for `all'.
00:23:54 **** Incremental Build of configuration Debug for project TP2 ****
make all 
make: Nothing to be done for `all'.
00:25:29 **** Incremental Build of configuration Debug for project TP2 ****
make all 
Building file: ../src/ArrayEmployees.c
Invoking: GCC C Compiler
gcc -O0 -g3 -Wall -c -fmessage-length=0 -MMD -MP -MF"src/ArrayEmployees.d" -MT"src/ArrayEmployees.o" -o "src/ArrayEmployees.o" "../src/ArrayEmployees.c"
Finished building: ../src/ArrayEmployees.c
 
Building target: TP2
Invoking: MacOS X C Linker
gcc  -o "TP2"  ./src/ArrayEmployees.o ./src/TP2.o ./src/inputs.o   
Finished building target: TP2
 
00:25:31 **** Incremental Build of configuration Debug for project TP2 ****
make all 
make: Nothing to be done for `all'.
00:27:52 **** Incremental Build of configuration Debug for project TP2 ****
make all 
Building file: ../src/ArrayEmployees.c
Invoking: GCC C Compiler
gcc -O0 -g3 -Wall -c -fmessage-length=0 -MMD -MP -MF"src/ArrayEmployees.d" -MT"src/ArrayEmployees.o" -o "src/ArrayEmployees.o" "../src/ArrayEmployees.c"
Finished building: ../src/ArrayEmployees.c
 
Building target: TP2
Invoking: MacOS X C Linker
gcc  -o "TP2"  ./src/ArrayEmployees.o ./src/TP2.o ./src/inputs.o   
Finished building target: TP2
 
00:29:58 **** Incremental Build of configuration Debug for project TP2 ****
make all 
Building file: ../src/ArrayEmployees.c
Invoking: GCC C Compiler
gcc -O0 -g3 -Wall -c -fmessage-length=0 -MMD -MP -MF"src/ArrayEmployees.d" -MT"src/ArrayEmployees.o" -o "src/ArrayEmployees.o" "../src/ArrayEmployees.c"
Finished building: ../src/ArrayEmployees.c
 
Building target: TP2
Invoking: MacOS X C Linker
gcc  -o "TP2"  ./src/ArrayEmployees.o ./src/TP2.o ./src/inputs.o   
Finished building target: TP2
 
